<?xml version="1.0" encoding="UTF-8"?>
<!-- Generated by org.testng.reporters.JUnitXMLReporter -->
<testsuite ignored="0" hostname="Hp" failures="3" tests="5" name="Test" time="33.427" errors="0" timestamp="2026-03-02T07:48:47 IST">
  <testcase classname="testCases.TC_003_LoginDDT" name="Verify_Login" time="4.231"/>
  <testcase classname="testCases.TC_003_LoginDDT" name="Verify_Login" time="3.313">
    <failure type="java.lang.AssertionError" message="expected [true] but found [false]">
      <![CDATA[java.lang.AssertionError: expected [true] but found [false]
at testCases.TC_003_LoginDDT.Verify_Login(TC_003_LoginDDT.java:56)
at java.base/java.util.ArrayList.forEach(ArrayList.java:1604)
... Removed 29 stack frames]]>
    </failure>
  </testcase> <!-- Verify_Login -->
  <testcase classname="testCases.TC_003_LoginDDT" name="Verify_Login" time="3.198">
    <failure type="java.lang.AssertionError" message="expected [true] but found [false]">
      <![CDATA[java.lang.AssertionError: expected [true] but found [false]
at testCases.TC_003_LoginDDT.Verify_Login(TC_003_LoginDDT.java:56)
at java.base/java.util.ArrayList.forEach(ArrayList.java:1604)
... Removed 29 stack frames]]>
    </failure>
  </testcase> <!-- Verify_Login -->
  <testcase classname="testCases.TC_003_LoginDDT" name="Verify_Login" time="12.665">
    <failure type="java.lang.AssertionError" message="expected [true] but found [false]">
      <![CDATA[java.lang.AssertionError: expected [true] but found [false]
at testCases.TC_003_LoginDDT.Verify_Login(TC_003_LoginDDT.java:36)
at java.base/java.util.ArrayList.forEach(ArrayList.java:1604)
... Removed 29 stack frames]]>
    </failure>
  </testcase> <!-- Verify_Login -->
  <testcase classname="testCases.TC_003_LoginDDT" name="Verify_Login" time="2.907"/>
</testsuite> <!-- Test -->
