<?xml version="1.0" encoding="UTF-8"?>
<!-- Generated by org.testng.reporters.JUnitXMLReporter -->
<testsuite ignored="1" hostname="Hp" failures="0" tests="1" name="Test" time="10.322" errors="0" timestamp="2026-03-02T08:20:34 IST">
  <testcase classname="testCases.TC_001_AccountRegistrationTest" name="verify_account_registration" time="4.323"/>
  <testcase classname="testCases.TC_003_LoginDDT" name="Verify_Login" time="0.0">
    <ignored/>
  </testcase> <!-- Verify_Login -->
</testsuite> <!-- Test -->
